<?xml version="1.0" encoding="UTF-8"?>
<testng-results skipped="0" failed="0" total="1" passed="1">
  <reporter-output>
  </reporter-output>
  <suite name="Default suite" duration-ms="34028" started-at="2021-09-12T12:43:04Z" finished-at="2021-09-12T12:43:38Z">
    <groups>
    </groups>
    <test name="Default test" duration-ms="34028" started-at="2021-09-12T12:43:04Z" finished-at="2021-09-12T12:43:38Z">
      <class name="testcases.CreatePortfolioTest">
        <test-method status="PASS" signature="CreatePortfolio()[pri:0, instance:testcases.CreatePortfolioTest@6e8dacdf]" name="CreatePortfolio" duration-ms="34006" started-at="2021-09-12T18:13:04Z" finished-at="2021-09-12T18:13:38Z">
          <reporter-output>
          </reporter-output>
        </test-method> <!-- CreatePortfolio -->
      </class> <!-- testcases.CreatePortfolioTest -->
    </test> <!-- Default test -->
  </suite> <!-- Default suite -->
</testng-results>
